<?xml version="1.0" encoding="UTF-8"?>
<!-- Generated by org.testng.reporters.JUnitXMLReporter -->
<testsuite hostname="dhcp-v060-023.mobile.uci.edu" name="Default test" tests="5" failures="0" timestamp="21 Nov 2015 00:01:14 GMT" time="0.06" errors="0">
  <testcase name="testFail" time="0.016" classname="org.spideruci.benchmark.spiderMath_TestNG.AdditionTest"/>
  <testcase name="testSuccess1" time="0.006" classname="org.spideruci.benchmark.spiderMath_TestNG.AdditionTest"/>
  <testcase name="testSuccess2" time="0.001" classname="org.spideruci.benchmark.spiderMath_TestNG.AdditionTest"/>
  <testcase name="testAdd" time="0.003" classname="org.spideruci.benchmark.spiderMath_TestNG.AdditionParamTest"/>
  <testcase name="testAdd" time="0.001" classname="org.spideruci.benchmark.spiderMath_TestNG.AdditionParamTest"/>
</testsuite> <!-- Default test -->
